0 info it worked if it ends with ok
1 verbose cli [ '/usr/bin/node', '/usr/bin/npm', 'run', 'coverage' ]
2 info using npm@1.4.28
3 info using node@v0.10.38
4 verbose node symlink /usr/bin/node
5 verbose run-script [ 'precoverage', 'coverage', 'postcoverage' ]
6 info precoverage wobbly-warbler@1.0.0
7 info coverage wobbly-warbler@1.0.0
8 verbose unsafe-perm in lifecycle true
9 info wobbly-warbler@1.0.0 Failed to exec coverage script
10 error wobbly-warbler@1.0.0 coverage: `istanbul cover nodeTest.js`
10 error Exit status 8
11 error Failed at the wobbly-warbler@1.0.0 coverage script.
11 error This is most likely a problem with the wobbly-warbler package,
11 error not with npm itself.
11 error Tell the author that this fails on your system:
11 error     istanbul cover nodeTest.js
11 error You can get their info via:
11 error     npm owner ls wobbly-warbler
11 error There is likely additional logging output above.
12 error System Linux 3.13.0-53-generic
13 error command "/usr/bin/node" "/usr/bin/npm" "run" "coverage"
14 error cwd /home/simon/Desktop/founders and Coders/wobbly-warbler
15 error node -v v0.10.38
16 error npm -v 1.4.28
17 error code ELIFECYCLE
18 verbose exit [ 1, true ]
